2022-10-20 10:47:15.192  INFO 6926 --- [restartedMain] b.c.i.o.OxefoodTalithaApplication        : Starting OxefoodTalithaApplication using Java 17.0.4 on LAB-04 with PID 6926 (/home/aluno/oxefood-talitha/target/classes started by aluno in /home/aluno/oxefood-talitha)
2022-10-20 10:47:15.193  INFO 6926 --- [restartedMain] b.c.i.o.OxefoodTalithaApplication        : No active profile set, falling back to 1 default profile: "default"
2022-10-20 10:47:15.361  INFO 6926 --- [restartedMain] .e.DevToolsPropertyDefaultsPostProcessor : Devtools property defaults active! Set 'spring.devtools.add-properties' to 'false' to disable
2022-10-20 10:47:15.361  INFO 6926 --- [restartedMain] .e.DevToolsPropertyDefaultsPostProcessor : For additional web related logging consider setting the 'logging.level.web' property to 'DEBUG'
2022-10-20 10:47:17.876  INFO 6926 --- [restartedMain] .s.d.r.c.RepositoryConfigurationDelegate : Bootstrapping Spring Data JPA repositories in DEFAULT mode.
2022-10-20 10:47:18.019  INFO 6926 --- [restartedMain] .s.d.r.c.RepositoryConfigurationDelegate : Finished Spring Data repository scanning in 117 ms. Found 2 JPA repository interfaces.
2022-10-20 10:47:19.319  INFO 6926 --- [restartedMain] o.s.b.w.embedded.tomcat.TomcatWebServer  : Tomcat initialized with port(s): 8082 (http)
2022-10-20 10:47:19.329  INFO 6926 --- [restartedMain] o.apache.catalina.core.StandardService   : Starting service [Tomcat]
2022-10-20 10:47:19.329  INFO 6926 --- [restartedMain] org.apache.catalina.core.StandardEngine  : Starting Servlet engine: [Apache Tomcat/9.0.65]
2022-10-20 10:47:19.437  INFO 6926 --- [restartedMain] o.a.c.c.C.[Tomcat].[localhost].[/]       : Initializing Spring embedded WebApplicationContext
2022-10-20 10:47:19.438  INFO 6926 --- [restartedMain] w.s.c.ServletWebServerApplicationContext : Root WebApplicationContext: initialization completed in 4075 ms
2022-10-20 10:47:19.573  INFO 6926 --- [restartedMain] com.zaxxer.hikari.HikariDataSource       : HikariPool-1 - Starting...
2022-10-20 10:47:20.451  INFO 6926 --- [restartedMain] com.zaxxer.hikari.HikariDataSource       : HikariPool-1 - Start completed.
2022-10-20 10:47:20.472  INFO 6926 --- [restartedMain] o.s.b.a.h2.H2ConsoleAutoConfiguration    : H2 console available at '/h2-console'. Database available at 'jdbc:postgresql://localhost:5433/oxefood'
2022-10-20 10:47:22.217  INFO 6926 --- [restartedMain] o.hibernate.jpa.internal.util.LogHelper  : HHH000204: Processing PersistenceUnitInfo [name: default]
2022-10-20 10:47:22.515  INFO 6926 --- [restartedMain] org.hibernate.Version                    : HHH000412: Hibernate ORM core version 5.6.11.Final
2022-10-20 10:47:22.823  INFO 6926 --- [restartedMain] o.hibernate.annotations.common.Version   : HCANN000001: Hibernate Commons Annotations {5.1.2.Final}
2022-10-20 10:47:23.063  INFO 6926 --- [restartedMain] org.hibernate.dialect.Dialect            : HHH000400: Using dialect: org.hibernate.dialect.PostgreSQLDialect
2022-10-20 10:47:25.070  INFO 6926 --- [restartedMain] o.h.e.t.j.p.i.JtaPlatformInitiator       : HHH000490: Using JtaPlatform implementation: [org.hibernate.engine.transaction.jta.platform.internal.NoJtaPlatform]
2022-10-20 10:47:25.095  INFO 6926 --- [restartedMain] j.LocalContainerEntityManagerFactoryBean : Initialized JPA EntityManagerFactory for persistence unit 'default'
2022-10-20 10:47:25.774  WARN 6926 --- [restartedMain] JpaBaseConfiguration$JpaWebConfiguration : spring.jpa.open-in-view is enabled by default. Therefore, database queries may be performed during view rendering. Explicitly configure spring.jpa.open-in-view to disable this warning
2022-10-20 10:47:26.654  INFO 6926 --- [restartedMain] o.s.b.d.a.OptionalLiveReloadServer       : LiveReload server is running on port 35729
2022-10-20 10:47:26.711  INFO 6926 --- [restartedMain] o.s.b.w.embedded.tomcat.TomcatWebServer  : Tomcat started on port(s): 8082 (http) with context path ''
2022-10-20 10:47:26.723  INFO 6926 --- [restartedMain] b.c.i.o.OxefoodTalithaApplication        : Started OxefoodTalithaApplication in 12.74 seconds (JVM running for 17.812)
2022-10-20 10:56:01.359  INFO 6926 --- [http-nio-8082-exec-1] o.a.c.c.C.[Tomcat].[localhost].[/]       : Initializing Spring DispatcherServlet 'dispatcherServlet'
2022-10-20 10:56:01.606  INFO 6926 --- [http-nio-8082-exec-1] o.s.web.servlet.DispatcherServlet        : Initializing Servlet 'dispatcherServlet'
2022-10-20 10:56:01.650  INFO 6926 --- [http-nio-8082-exec-1] o.s.web.servlet.DispatcherServlet        : Completed initialization in 43 ms
2022-10-20 11:01:14.341  INFO 6926 --- [RMI TCP Connection(22)-127.0.0.1] inMXBeanRegistrar$SpringApplicationAdmin : Application shutdown requested.
2022-10-20 11:01:14.471  INFO 6926 --- [RMI TCP Connection(22)-127.0.0.1] o.apache.catalina.core.StandardService   : Stopping service [Tomcat]
2022-10-20 11:01:14.496  INFO 6926 --- [RMI TCP Connection(22)-127.0.0.1] o.a.c.c.C.[Tomcat].[localhost].[/]       : Destroying Spring FrameworkServlet 'dispatcherServlet'
2022-10-20 11:01:14.689  INFO 6926 --- [RMI TCP Connection(22)-127.0.0.1] j.LocalContainerEntityManagerFactoryBean : Closing JPA EntityManagerFactory for persistence unit 'default'
2022-10-20 11:01:14.743  INFO 6926 --- [RMI TCP Connection(22)-127.0.0.1] com.zaxxer.hikari.HikariDataSource       : HikariPool-1 - Shutdown initiated...
2022-10-20 11:01:14.760  INFO 6926 --- [RMI TCP Connection(22)-127.0.0.1] com.zaxxer.hikari.HikariDataSource       : HikariPool-1 - Shutdown completed.
2022-10-27 11:03:36.988  INFO 5512 --- [restartedMain] b.c.i.o.OxefoodTalithaApplication        : Starting OxefoodTalithaApplication using Java 11.0.16 on LAB-04 with PID 5512 (/home/aluno/Área de Trabalho/Teste/oxefood-talitha/target/classes started by aluno in /home/aluno/Área de Trabalho/Teste/oxefood-talitha)
2022-10-27 11:03:37.046  INFO 5512 --- [restartedMain] b.c.i.o.OxefoodTalithaApplication        : No active profile set, falling back to 1 default profile: "default"
2022-10-27 11:03:38.069  INFO 5512 --- [restartedMain] .e.DevToolsPropertyDefaultsPostProcessor : Devtools property defaults active! Set 'spring.devtools.add-properties' to 'false' to disable
2022-10-27 11:03:38.070  INFO 5512 --- [restartedMain] .e.DevToolsPropertyDefaultsPostProcessor : For additional web related logging consider setting the 'logging.level.web' property to 'DEBUG'
2022-10-27 11:03:43.167  INFO 5512 --- [restartedMain] .s.d.r.c.RepositoryConfigurationDelegate : Bootstrapping Spring Data JPA repositories in DEFAULT mode.
2022-10-27 11:03:43.894  INFO 5512 --- [restartedMain] .s.d.r.c.RepositoryConfigurationDelegate : Finished Spring Data repository scanning in 704 ms. Found 2 JPA repository interfaces.
2022-10-27 11:03:50.699  INFO 5512 --- [restartedMain] o.s.b.w.embedded.tomcat.TomcatWebServer  : Tomcat initialized with port(s): 8082 (http)
2022-10-27 11:03:50.773  INFO 5512 --- [restartedMain] o.apache.catalina.core.StandardService   : Starting service [Tomcat]
2022-10-27 11:03:50.774  INFO 5512 --- [restartedMain] org.apache.catalina.core.StandardEngine  : Starting Servlet engine: [Apache Tomcat/9.0.65]
2022-10-27 11:03:51.212  INFO 5512 --- [restartedMain] o.a.c.c.C.[Tomcat].[localhost].[/]       : Initializing Spring embedded WebApplicationContext
2022-10-27 11:03:51.213  INFO 5512 --- [restartedMain] w.s.c.ServletWebServerApplicationContext : Root WebApplicationContext: initialization completed in 13126 ms
2022-10-27 11:03:51.483  INFO 5512 --- [restartedMain] com.zaxxer.hikari.HikariDataSource       : HikariPool-1 - Starting...
2022-10-27 11:03:54.138  INFO 5512 --- [restartedMain] com.zaxxer.hikari.HikariDataSource       : HikariPool-1 - Start completed.
2022-10-27 11:03:54.163  INFO 5512 --- [restartedMain] o.s.b.a.h2.H2ConsoleAutoConfiguration    : H2 console available at '/h2-console'. Database available at 'jdbc:postgresql://localhost:5433/oxefood'
2022-10-27 11:03:55.044  INFO 5512 --- [restartedMain] o.hibernate.jpa.internal.util.LogHelper  : HHH000204: Processing PersistenceUnitInfo [name: default]
2022-10-27 11:03:55.158  INFO 5512 --- [restartedMain] org.hibernate.Version                    : HHH000412: Hibernate ORM core version 5.6.11.Final
2022-10-27 11:03:55.469  INFO 5512 --- [restartedMain] o.hibernate.annotations.common.Version   : HCANN000001: Hibernate Commons Annotations {5.1.2.Final}
2022-10-27 11:03:55.767  INFO 5512 --- [restartedMain] org.hibernate.dialect.Dialect            : HHH000400: Using dialect: org.hibernate.dialect.PostgreSQLDialect
2022-10-27 11:03:59.416  INFO 5512 --- [restartedMain] o.h.e.t.j.p.i.JtaPlatformInitiator       : HHH000490: Using JtaPlatform implementation: [org.hibernate.engine.transaction.jta.platform.internal.NoJtaPlatform]
2022-10-27 11:03:59.426  INFO 5512 --- [restartedMain] j.LocalContainerEntityManagerFactoryBean : Initialized JPA EntityManagerFactory for persistence unit 'default'
2022-10-27 11:04:01.206  INFO 5512 --- [restartedMain] o.s.b.d.a.OptionalLiveReloadServer       : LiveReload server is running on port 35729
2022-10-27 11:04:01.452  WARN 5512 --- [restartedMain] JpaBaseConfiguration$JpaWebConfiguration : spring.jpa.open-in-view is enabled by default. Therefore, database queries may be performed during view rendering. Explicitly configure spring.jpa.open-in-view to disable this warning
2022-10-27 11:04:02.551  INFO 5512 --- [restartedMain] o.s.b.w.embedded.tomcat.TomcatWebServer  : Tomcat started on port(s): 8082 (http) with context path ''
2022-10-27 11:04:02.841  INFO 5512 --- [restartedMain] b.c.i.o.OxefoodTalithaApplication        : Started OxefoodTalithaApplication in 32.001 seconds (JVM running for 48.496)
2022-10-27 11:04:22.887  INFO 5512 --- [http-nio-8082-exec-1] o.a.c.c.C.[Tomcat].[localhost].[/]       : Initializing Spring DispatcherServlet 'dispatcherServlet'
2022-10-27 11:04:22.888  INFO 5512 --- [http-nio-8082-exec-1] o.s.web.servlet.DispatcherServlet        : Initializing Servlet 'dispatcherServlet'
2022-10-27 11:04:22.891  INFO 5512 --- [http-nio-8082-exec-1] o.s.web.servlet.DispatcherServlet        : Completed initialization in 3 ms
2022-10-27 11:05:37.961  INFO 5512 --- [RMI TCP Connection(11)-127.0.0.1] inMXBeanRegistrar$SpringApplicationAdmin : Application shutdown requested.
2022-10-27 11:05:37.966  INFO 5512 --- [RMI TCP Connection(11)-127.0.0.1] o.apache.catalina.core.StandardService   : Stopping service [Tomcat]
2022-10-27 11:05:37.968  INFO 5512 --- [RMI TCP Connection(11)-127.0.0.1] o.a.c.c.C.[Tomcat].[localhost].[/]       : Destroying Spring FrameworkServlet 'dispatcherServlet'
2022-10-27 11:05:37.987  INFO 5512 --- [RMI TCP Connection(11)-127.0.0.1] j.LocalContainerEntityManagerFactoryBean : Closing JPA EntityManagerFactory for persistence unit 'default'
2022-10-27 11:05:37.991  INFO 5512 --- [RMI TCP Connection(11)-127.0.0.1] com.zaxxer.hikari.HikariDataSource       : HikariPool-1 - Shutdown initiated...
2022-10-27 11:05:38.048  INFO 5512 --- [RMI TCP Connection(11)-127.0.0.1] com.zaxxer.hikari.HikariDataSource       : HikariPool-1 - Shutdown completed.
2022-10-27 11:08:28.266  INFO 6389 --- [restartedMain] b.c.i.o.OxefoodTalithaApplication        : Starting OxefoodTalithaApplication using Java 11.0.16 on LAB-04 with PID 6389 (/home/aluno/Área de Trabalho/Teste/oxefood-talitha/target/classes started by aluno in /home/aluno/Área de Trabalho/Teste/oxefood-talitha)
2022-10-27 11:08:28.267  INFO 6389 --- [restartedMain] b.c.i.o.OxefoodTalithaApplication        : No active profile set, falling back to 1 default profile: "default"
2022-10-27 11:08:28.329  INFO 6389 --- [restartedMain] .e.DevToolsPropertyDefaultsPostProcessor : Devtools property defaults active! Set 'spring.devtools.add-properties' to 'false' to disable
2022-10-27 11:08:28.329  INFO 6389 --- [restartedMain] .e.DevToolsPropertyDefaultsPostProcessor : For additional web related logging consider setting the 'logging.level.web' property to 'DEBUG'
2022-10-27 11:08:29.860  INFO 6389 --- [restartedMain] .s.d.r.c.RepositoryConfigurationDelegate : Bootstrapping Spring Data JPA repositories in DEFAULT mode.
2022-10-27 11:08:29.927  INFO 6389 --- [restartedMain] .s.d.r.c.RepositoryConfigurationDelegate : Finished Spring Data repository scanning in 52 ms. Found 2 JPA repository interfaces.
2022-10-27 11:08:30.769  INFO 6389 --- [restartedMain] o.s.b.w.embedded.tomcat.TomcatWebServer  : Tomcat initialized with port(s): 8082 (http)
2022-10-27 11:08:30.782  INFO 6389 --- [restartedMain] o.apache.catalina.core.StandardService   : Starting service [Tomcat]
2022-10-27 11:08:30.783  INFO 6389 --- [restartedMain] org.apache.catalina.core.StandardEngine  : Starting Servlet engine: [Apache Tomcat/9.0.65]
2022-10-27 11:08:30.876  INFO 6389 --- [restartedMain] o.a.c.c.C.[Tomcat].[localhost].[/]       : Initializing Spring embedded WebApplicationContext
2022-10-27 11:08:30.876  INFO 6389 --- [restartedMain] w.s.c.ServletWebServerApplicationContext : Root WebApplicationContext: initialization completed in 2546 ms
2022-10-27 11:08:30.940  INFO 6389 --- [restartedMain] com.zaxxer.hikari.HikariDataSource       : HikariPool-1 - Starting...
2022-10-27 11:08:31.046  INFO 6389 --- [restartedMain] com.zaxxer.hikari.HikariDataSource       : HikariPool-1 - Start completed.
2022-10-27 11:08:31.059  INFO 6389 --- [restartedMain] o.s.b.a.h2.H2ConsoleAutoConfiguration    : H2 console available at '/h2-console'. Database available at 'jdbc:postgresql://localhost:5433/oxefood'
2022-10-27 11:08:31.243  INFO 6389 --- [restartedMain] o.hibernate.jpa.internal.util.LogHelper  : HHH000204: Processing PersistenceUnitInfo [name: default]
2022-10-27 11:08:31.336  INFO 6389 --- [restartedMain] org.hibernate.Version                    : HHH000412: Hibernate ORM core version 5.6.11.Final
2022-10-27 11:08:31.571  INFO 6389 --- [restartedMain] o.hibernate.annotations.common.Version   : HCANN000001: Hibernate Commons Annotations {5.1.2.Final}
2022-10-27 11:08:31.732  INFO 6389 --- [restartedMain] org.hibernate.dialect.Dialect            : HHH000400: Using dialect: org.hibernate.dialect.PostgreSQLDialect
2022-10-27 11:08:32.439  INFO 6389 --- [restartedMain] o.h.e.t.j.p.i.JtaPlatformInitiator       : HHH000490: Using JtaPlatform implementation: [org.hibernate.engine.transaction.jta.platform.internal.NoJtaPlatform]
2022-10-27 11:08:32.450  INFO 6389 --- [restartedMain] j.LocalContainerEntityManagerFactoryBean : Initialized JPA EntityManagerFactory for persistence unit 'default'
2022-10-27 11:08:33.522  INFO 6389 --- [restartedMain] o.s.b.d.a.OptionalLiveReloadServer       : LiveReload server is running on port 35729
2022-10-27 11:08:33.760  WARN 6389 --- [restartedMain] JpaBaseConfiguration$JpaWebConfiguration : spring.jpa.open-in-view is enabled by default. Therefore, database queries may be performed during view rendering. Explicitly configure spring.jpa.open-in-view to disable this warning
2022-10-27 11:08:34.288  INFO 6389 --- [restartedMain] o.s.b.w.embedded.tomcat.TomcatWebServer  : Tomcat started on port(s): 8082 (http) with context path ''
2022-10-27 11:08:34.575  INFO 6389 --- [restartedMain] b.c.i.o.OxefoodTalithaApplication        : Started OxefoodTalithaApplication in 6.816 seconds (JVM running for 8.806)
2022-10-27 11:08:40.663  INFO 6389 --- [File Watcher] rtingClassPathChangeChangedEventListener : Restarting due to 1 class path change (0 additions, 0 deletions, 1 modification)
2022-10-27 11:08:40.674  INFO 6389 --- [Thread-4] o.apache.catalina.core.StandardService   : Stopping service [Tomcat]
2022-10-27 11:08:40.706  INFO 6389 --- [Thread-4] j.LocalContainerEntityManagerFactoryBean : Closing JPA EntityManagerFactory for persistence unit 'default'
2022-10-27 11:08:40.713  INFO 6389 --- [Thread-4] com.zaxxer.hikari.HikariDataSource       : HikariPool-1 - Shutdown initiated...
2022-10-27 11:08:40.738  INFO 6389 --- [Thread-4] com.zaxxer.hikari.HikariDataSource       : HikariPool-1 - Shutdown completed.
2022-10-27 11:08:40.887  INFO 6389 --- [restartedMain] b.c.i.o.OxefoodTalithaApplication        : Starting OxefoodTalithaApplication using Java 11.0.16 on LAB-04 with PID 6389 (/home/aluno/Área de Trabalho/Teste/oxefood-talitha/target/classes started by aluno in /home/aluno/Área de Trabalho/Teste/oxefood-talitha)
2022-10-27 11:08:40.887  INFO 6389 --- [restartedMain] b.c.i.o.OxefoodTalithaApplication        : No active profile set, falling back to 1 default profile: "default"
2022-10-27 11:08:41.190  INFO 6389 --- [restartedMain] .s.d.r.c.RepositoryConfigurationDelegate : Bootstrapping Spring Data JPA repositories in DEFAULT mode.
2022-10-27 11:08:41.203  INFO 6389 --- [restartedMain] .s.d.r.c.RepositoryConfigurationDelegate : Finished Spring Data repository scanning in 13 ms. Found 2 JPA repository interfaces.
2022-10-27 11:08:41.318  INFO 6389 --- [restartedMain] o.s.b.w.embedded.tomcat.TomcatWebServer  : Tomcat initialized with port(s): 8082 (http)
2022-10-27 11:08:41.319  INFO 6389 --- [restartedMain] o.apache.catalina.core.StandardService   : Starting service [Tomcat]
2022-10-27 11:08:41.320  INFO 6389 --- [restartedMain] org.apache.catalina.core.StandardEngine  : Starting Servlet engine: [Apache Tomcat/9.0.65]
2022-10-27 11:08:41.578  INFO 6389 --- [restartedMain] o.a.c.c.C.[Tomcat].[localhost].[/]       : Initializing Spring embedded WebApplicationContext
2022-10-27 11:08:41.578  INFO 6389 --- [restartedMain] w.s.c.ServletWebServerApplicationContext : Root WebApplicationContext: initialization completed in 687 ms
2022-10-27 11:08:41.600  INFO 6389 --- [restartedMain] com.zaxxer.hikari.HikariDataSource       : HikariPool-2 - Starting...
2022-10-27 11:08:41.701  INFO 6389 --- [restartedMain] com.zaxxer.hikari.HikariDataSource       : HikariPool-2 - Start completed.
2022-10-27 11:08:41.702  INFO 6389 --- [restartedMain] o.s.b.a.h2.H2ConsoleAutoConfiguration    : H2 console available at '/h2-console'. Database available at 'jdbc:postgresql://localhost:5433/oxefood'
2022-10-27 11:08:41.746  INFO 6389 --- [restartedMain] o.hibernate.jpa.internal.util.LogHelper  : HHH000204: Processing PersistenceUnitInfo [name: default]
2022-10-27 11:08:41.752  INFO 6389 --- [restartedMain] org.hibernate.dialect.Dialect            : HHH000400: Using dialect: org.hibernate.dialect.PostgreSQLDialect
2022-10-27 11:08:41.868  INFO 6389 --- [restartedMain] o.h.e.t.j.p.i.JtaPlatformInitiator       : HHH000490: Using JtaPlatform implementation: [org.hibernate.engine.transaction.jta.platform.internal.NoJtaPlatform]
2022-10-27 11:08:41.868  INFO 6389 --- [restartedMain] j.LocalContainerEntityManagerFactoryBean : Initialized JPA EntityManagerFactory for persistence unit 'default'
2022-10-27 11:08:42.122  INFO 6389 --- [restartedMain] o.s.b.d.a.OptionalLiveReloadServer       : LiveReload server is running on port 35729
2022-10-27 11:08:42.188  WARN 6389 --- [restartedMain] JpaBaseConfiguration$JpaWebConfiguration : spring.jpa.open-in-view is enabled by default. Therefore, database queries may be performed during view rendering. Explicitly configure spring.jpa.open-in-view to disable this warning
2022-10-27 11:08:42.313  INFO 6389 --- [restartedMain] o.s.b.w.embedded.tomcat.TomcatWebServer  : Tomcat started on port(s): 8082 (http) with context path ''
2022-10-27 11:08:42.420  INFO 6389 --- [restartedMain] b.c.i.o.OxefoodTalithaApplication        : Started OxefoodTalithaApplication in 1.561 seconds (JVM running for 16.651)
2022-10-27 11:08:42.423  INFO 6389 --- [restartedMain] .ConditionEvaluationDeltaLoggingListener : Condition evaluation unchanged
2022-10-27 11:08:44.092  INFO 6389 --- [http-nio-8082-exec-1] o.a.c.c.C.[Tomcat].[localhost].[/]       : Initializing Spring DispatcherServlet 'dispatcherServlet'
2022-10-27 11:08:44.093  INFO 6389 --- [http-nio-8082-exec-1] o.s.web.servlet.DispatcherServlet        : Initializing Servlet 'dispatcherServlet'
2022-10-27 11:08:44.097  INFO 6389 --- [http-nio-8082-exec-1] o.s.web.servlet.DispatcherServlet        : Completed initialization in 4 ms
